# JRE version: Java(TM) SE Runtime Environment (7.0_79-b15) (build 1.7.0_79-b15)
# Java VM: Java HotSpot(TM) 64-Bit Server VM (24.79-b02 mixed mode bsd-amd64 compressed oops)
Heap
 PSYoungGen      total 314880K, used 217678K [0x00000007eaa80000, 0x0000000800000000, 0x0000000800000000)
  eden space 286208K, 76% used [0x00000007eaa80000,0x00000007f7f13a58,0x00000007fc200000)
  from space 28672K, 0% used [0x00000007fe400000,0x00000007fe400000,0x0000000800000000)
  to   space 31744K, 0% used [0x00000007fc200000,0x00000007fc200000,0x00000007fe100000)
 ParOldGen       total 174592K, used 41366K [0x00000007c0000000, 0x00000007caa80000, 0x00000007eaa80000)
  object space 174592K, 23% used [0x00000007c0000000,0x00000007c2865948,0x00000007caa80000)
 PSPermGen       total 84992K, used 49923K [0x00000007b0000000, 0x00000007b5300000, 0x00000007c0000000)
  object space 84992K, 58% used [0x00000007b0000000,0x00000007b30c0e08,0x00000007b5300000)
GC Heap History (10 events):
Event: 2.622 GC heap before
{Heap before GC invocations=5 (full 0):
 PSYoungGen      total 142848K, used 139304K [0x00000007eaa80000, 0x00000007f4080000, 0x0000000800000000)
  eden space 132096K, 100% used [0x00000007eaa80000,0x00000007f2b80000,0x00000007f2b80000)
  from space 10752K, 67% used [0x00000007f3600000,0x00000007f3d0a270,0x00000007f4080000)
  to   space 10752K, 0% used [0x00000007f2b80000,0x00000007f2b80000,0x00000007f3600000)
 ParOldGen       total 174592K, used 209K [0x00000007c0000000, 0x00000007caa80000, 0x00000007eaa80000)
  object space 174592K, 0% used [0x00000007c0000000,0x00000007c00344d0,0x00000007caa80000)
 PSPermGen       total 21504K, used 21191K [0x00000007b0000000, 0x00000007b1500000, 0x00000007c0000000)
  object space 21504K, 98% used [0x00000007b0000000,0x00000007b14b1f10,0x00000007b1500000)
Event: 2.630 GC heap after
Heap after GC invocations=5 (full 0):
 PSYoungGen      total 142848K, used 7736K [0x00000007eaa80000, 0x00000007fc280000, 0x0000000800000000)
  eden space 132096K, 0% used [0x00000007eaa80000,0x00000007eaa80000,0x00000007f2b80000)
  from space 10752K, 71% used [0x00000007f2b80000,0x00000007f330e110,0x00000007f3600000)
  to   space 11264K, 0% used [0x00000007fb780000,0x00000007fb780000,0x00000007fc280000)
 ParOldGen       total 174592K, used 209K [0x00000007c0000000, 0x00000007caa80000, 0x00000007eaa80000)
  object space 174592K, 0% used [0x00000007c0000000,0x00000007c00344d0,0x00000007caa80000)
 PSPermGen       total 21504K, used 21191K [0x00000007b0000000, 0x00000007b1500000, 0x00000007c0000000)
  object space 21504K, 98% used [0x00000007b0000000,0x00000007b14b1f10,0x00000007b1500000)
}
Event: 3.370 GC heap before
{Heap before GC invocations=6 (full 0):
 PSYoungGen      total 142848K, used 139832K [0x00000007eaa80000, 0x00000007fc280000, 0x0000000800000000)
  eden space 132096K, 100% used [0x00000007eaa80000,0x00000007f2b80000,0x00000007f2b80000)
  from space 10752K, 71% used [0x00000007f2b80000,0x00000007f330e110,0x00000007f3600000)
  to   space 11264K, 0% used [0x00000007fb780000,0x00000007fb780000,0x00000007fc280000)
 ParOldGen       total 174592K, used 209K [0x00000007c0000000, 0x00000007caa80000, 0x00000007eaa80000)
  object space 174592K, 0% used [0x00000007c0000000,0x00000007c00344d0,0x00000007caa80000)
 PSPermGen       total 23552K, used 23420K [0x00000007b0000000, 0x00000007b1700000, 0x00000007c0000000)
  object space 23552K, 99% used [0x00000007b0000000,0x00000007b16df0f8,0x00000007b1700000)
Event: 3.389 GC heap after
Heap after GC invocations=6 (full 0):
 PSYoungGen      total 272896K, used 11256K [0x00000007eaa80000, 0x00000007fc780000, 0x0000000800000000)
  eden space 261632K, 0% used [0x00000007eaa80000,0x00000007eaa80000,0x00000007faa00000)
  from space 11264K, 99% used [0x00000007fb780000,0x00000007fc27e0d0,0x00000007fc280000)
  to   space 13824K, 0% used [0x00000007faa00000,0x00000007faa00000,0x00000007fb780000)
 ParOldGen       total 174592K, used 2632K [0x00000007c0000000, 0x00000007caa80000, 0x00000007eaa80000)
  object space 174592K, 1% used [0x00000007c0000000,0x00000007c0292098,0x00000007caa80000)
 PSPermGen       total 23552K, used 23420K [0x00000007b0000000, 0x00000007b1700000, 0x00000007c0000000)
  object space 23552K, 99% used [0x00000007b0000000,0x00000007b16df0f8,0x00000007b1700000)
}
Event: 5.627 GC heap before
{Heap before GC invocations=7 (full 0):
 PSYoungGen      total 272896K, used 272888K [0x00000007eaa80000, 0x00000007fc780000, 0x0000000800000000)
  eden space 261632K, 100% used [0x00000007eaa80000,0x00000007faa00000,0x00000007faa00000)
  from space 11264K, 99% used [0x00000007fb780000,0x00000007fc27e0d0,0x00000007fc280000)
  to   space 13824K, 0% used [0x00000007faa00000,0x00000007faa00000,0x00000007fb780000)
 ParOldGen       total 174592K, used 2632K [0x00000007c0000000, 0x00000007caa80000, 0x00000007eaa80000)
  object space 174592K, 1% used [0x00000007c0000000,0x00000007c0292098,0x00000007caa80000)
 PSPermGen       total 37888K, used 37809K [0x00000007b0000000, 0x00000007b2500000, 0x00000007c0000000)
  object space 37888K, 99% used [0x00000007b0000000,0x00000007b24ec4d0,0x00000007b2500000)
Event: 5.659 GC heap after
Heap after GC invocations=7 (full 0):
 PSYoungGen      total 275456K, used 13811K [0x00000007eaa80000, 0x0000000800000000, 0x0000000800000000)
  eden space 261632K, 0% used [0x00000007eaa80000,0x00000007eaa80000,0x00000007faa00000)
  from space 13824K, 99% used [0x00000007faa00000,0x00000007fb77cf60,0x00000007fb780000)
  to   space 28672K, 0% used [0x00000007fe400000,0x00000007fe400000,0x0000000800000000)
 ParOldGen       total 174592K, used 29216K [0x00000007c0000000, 0x00000007caa80000, 0x00000007eaa80000)
  object space 174592K, 16% used [0x00000007c0000000,0x00000007c1c883d0,0x00000007caa80000)
 PSPermGen       total 37888K, used 37809K [0x00000007b0000000, 0x00000007b2500000, 0x00000007c0000000)
  object space 37888K, 99% used [0x00000007b0000000,0x00000007b24ec4d0,0x00000007b2500000)
}
Event: 6.531 GC heap before
{Heap before GC invocations=8 (full 0):
 PSYoungGen      total 275456K, used 127663K [0x00000007eaa80000, 0x0000000800000000, 0x0000000800000000)
  eden space 261632K, 43% used [0x00000007eaa80000,0x00000007f19aed18,0x00000007faa00000)
  from space 13824K, 99% used [0x00000007faa00000,0x00000007fb77cf60,0x00000007fb780000)
  to   space 28672K, 0% used [0x00000007fe400000,0x00000007fe400000,0x0000000800000000)
 ParOldGen       total 174592K, used 29216K [0x00000007c0000000, 0x00000007caa80000, 0x00000007eaa80000)
  object space 174592K, 16% used [0x00000007c0000000,0x00000007c1c883d0,0x00000007caa80000)
 PSPermGen       total 42496K, used 42290K [0x00000007b0000000, 0x00000007b2980000, 0x00000007c0000000)
  object space 42496K, 99% used [0x00000007b0000000,0x00000007b294cbd8,0x00000007b2980000)
Event: 6.549 GC heap after
Heap after GC invocations=8 (full 0):
 PSYoungGen      total 314880K, used 24031K [0x00000007eaa80000, 0x0000000800000000, 0x0000000800000000)
  eden space 286208K, 0% used [0x00000007eaa80000,0x00000007eaa80000,0x00000007fc200000)
  from space 28672K, 83% used [0x00000007fe400000,0x00000007ffb77ee0,0x0000000800000000)
  to   space 31744K, 0% used [0x00000007fc200000,0x00000007fc200000,0x00000007fe100000)
 ParOldGen       total 174592K, used 30176K [0x00000007c0000000, 0x00000007caa80000, 0x00000007eaa80000)
  object space 174592K, 17% used [0x00000007c0000000,0x00000007c1d780c8,0x00000007caa80000)
 PSPermGen       total 42496K, used 42290K [0x00000007b0000000, 0x00000007b2980000, 0x00000007c0000000)
  object space 42496K, 99% used [0x00000007b0000000,0x00000007b294cbd8,0x00000007b2980000)
}
Event: 6.549 GC heap before
{Heap before GC invocations=9 (full 1):
 PSYoungGen      total 314880K, used 24031K [0x00000007eaa80000, 0x0000000800000000, 0x0000000800000000)
  eden space 286208K, 0% used [0x00000007eaa80000,0x00000007eaa80000,0x00000007fc200000)
  from space 28672K, 83% used [0x00000007fe400000,0x00000007ffb77ee0,0x0000000800000000)
  to   space 31744K, 0% used [0x00000007fc200000,0x00000007fc200000,0x00000007fe100000)
 ParOldGen       total 174592K, used 30176K [0x00000007c0000000, 0x00000007caa80000, 0x00000007eaa80000)
  object space 174592K, 17% used [0x00000007c0000000,0x00000007c1d780c8,0x00000007caa80000)
 PSPermGen       total 42496K, used 42290K [0x00000007b0000000, 0x00000007b2980000, 0x00000007c0000000)
  object space 42496K, 99% used [0x00000007b0000000,0x00000007b294cbd8,0x00000007b2980000)
Event: 6.761 GC heap after
Heap after GC invocations=9 (full 1):
 PSYoungGen      total 314880K, used 0K [0x00000007eaa80000, 0x0000000800000000, 0x0000000800000000)
  eden space 286208K, 0% used [0x00000007eaa80000,0x00000007eaa80000,0x00000007fc200000)
  from space 28672K, 0% used [0x00000007fe400000,0x00000007fe400000,0x0000000800000000)
  to   space 31744K, 0% used [0x00000007fc200000,0x00000007fc200000,0x00000007fe100000)
 ParOldGen       total 174592K, used 41366K [0x00000007c0000000, 0x00000007caa80000, 0x00000007eaa80000)
  object space 174592K, 23% used [0x00000007c0000000,0x00000007c2865948,0x00000007caa80000)
 PSPermGen       total 84992K, used 42232K [0x00000007b0000000, 0x00000007b5300000, 0x00000007c0000000)
  object space 84992K, 49% used [0x00000007b0000000,0x00000007b293e048,0x00000007b5300000)
}

